[debug] [2024-02-08T16:49:19.924Z] ----------------------------------------------------------------------
[debug] [2024-02-08T16:49:19.929Z] Command:       C:\Program Files\nodejs\node.exe C:\Users\Mate\AppData\Roaming\npm\node_modules\firebase-tools\lib\bin\firebase.js init hosting
[debug] [2024-02-08T16:49:19.930Z] CLI Version:   13.2.1
[debug] [2024-02-08T16:49:19.931Z] Platform:      win32
[debug] [2024-02-08T16:49:19.931Z] Node Version:  v21.2.0
[debug] [2024-02-08T16:49:19.932Z] Time:          Thu Feb 08 2024 20:49:19 GMT+0400 (Georgia Standard Time)
[debug] [2024-02-08T16:49:19.932Z] ----------------------------------------------------------------------
[debug] 
[debug] [2024-02-08T16:49:20.068Z] > command requires scopes: ["email","openid","https://www.googleapis.com/auth/cloudplatformprojects.readonly","https://www.googleapis.com/auth/firebase","https://www.googleapis.com/auth/cloud-platform"]
[debug] [2024-02-08T16:49:20.099Z] > authorizing via signed-in user (mateaskilashvili09@gmail.com)
[info] 
     ######## #### ########  ######## ########     ###     ######  ########
     ##        ##  ##     ## ##       ##     ##  ##   ##  ##       ##
     ######    ##  ########  ######   ########  #########  ######  ######
     ##        ##  ##    ##  ##       ##     ## ##     ##       ## ##
     ##       #### ##     ## ######## ########  ##     ##  ######  ########

You're about to initialize a Firebase project in this directory:

  C:\Users\Mate\Desktop\Github\blog-preview-card

Before we get started, keep in mind:

  * You are initializing within an existing Firebase project directory

[info] 
=== Project Setup
[info] 
[info] First, let's associate this project directory with a Firebase project.
[info] You can create multiple project aliases by running firebase use --add, 
[info] but for now we'll just set up a default project.
[info] 
[debug] [2024-02-08T16:49:24.289Z] Using project from CLI flag: blog-preview-card-e7de6
[debug] [2024-02-08T16:49:24.295Z] >>> [apiv2][query] GET https://firebase.googleapis.com/v1beta1/projects/blog-preview-card-e7de6 [none]
[debug] [2024-02-08T16:49:24.991Z] <<< [apiv2][status] GET https://firebase.googleapis.com/v1beta1/projects/blog-preview-card-e7de6 200
[debug] [2024-02-08T16:49:24.991Z] <<< [apiv2][body] GET https://firebase.googleapis.com/v1beta1/projects/blog-preview-card-e7de6 {"projectId":"blog-preview-card-e7de6","projectNumber":"271772330415","displayName":"blog-preview-card","name":"projects/blog-preview-card-e7de6","resources":{"hostingSite":"blog-preview-card-e7de6"},"state":"ACTIVE","etag":"1_6e97339e-b33d-46eb-9062-8258ebcf215f"}
[info] i  Using project blog-preview-card-e7de6 (blog-preview-card) 
[info] 
=== Hosting Setup
[debug] [2024-02-08T16:49:25.009Z] >>> [apiv2][query] GET https://firebase.googleapis.com/v1beta1/projects/blog-preview-card-e7de6 [none]
[debug] [2024-02-08T16:49:25.525Z] <<< [apiv2][status] GET https://firebase.googleapis.com/v1beta1/projects/blog-preview-card-e7de6 200
[debug] [2024-02-08T16:49:25.526Z] <<< [apiv2][body] GET https://firebase.googleapis.com/v1beta1/projects/blog-preview-card-e7de6 {"projectId":"blog-preview-card-e7de6","projectNumber":"271772330415","displayName":"blog-preview-card","name":"projects/blog-preview-card-e7de6","resources":{"hostingSite":"blog-preview-card-e7de6"},"state":"ACTIVE","etag":"1_6e97339e-b33d-46eb-9062-8258ebcf215f"}
[info] 
[info] Your public directory is the folder (relative to your project directory) that
[info] will contain Hosting assets to be uploaded with firebase deploy. If you
[info] have a build process for your assets, use your build's output directory.
[info] 
[debug] [2024-02-08T16:50:58.234Z] Error: Path contains invalid characters: C:\Users\Mate\Desktop\Github\blog-preview-card\C:\Users\Mate\Desktop\Github\blog-preview-card
    at checkPath (C:\Users\Mate\AppData\Roaming\npm\node_modules\firebase-tools\node_modules\fs-extra\lib\mkdirs\utils.js:16:21)
    at module.exports.makeDirSync (C:\Users\Mate\AppData\Roaming\npm\node_modules\firebase-tools\node_modules\fs-extra\lib\mkdirs\make-dir.js:21:3)
    at Object.createFileSync (C:\Users\Mate\AppData\Roaming\npm\node_modules\firebase-tools\node_modules\fs-extra\lib\ensure\file.js:59:45)
    at Config.writeProjectFile (C:\Users\Mate\AppData\Roaming\npm\node_modules\firebase-tools\lib\config.js:154:12)
    at C:\Users\Mate\AppData\Roaming\npm\node_modules\firebase-tools\lib\config.js:178:22
    at process.processTicksAndRejections (node:internal/process/task_queues:95:5)
    at async doSetup (C:\Users\Mate\AppData\Roaming\npm\node_modules\firebase-tools\lib\init\features\hosting\index.js:173:13)
    at async init (C:\Users\Mate\AppData\Roaming\npm\node_modules\firebase-tools\lib\init\index.js:37:9)
[error] 
[error] Error: An unexpected error has occurred.
